# JRE version: OpenJDK Runtime Environment Temurin-17.0.2+8 (17.0.2+8) (build 17.0.2+8)
# Java VM: OpenJDK 64-Bit Server VM Temurin-17.0.2+8 (17.0.2+8, mixed mode, sharing, tiered, compressed oops, compressed class ptrs, g1 gc, linux-amd64)
GC Precious Log:
 CPUs: 4 total, 4 available
 Memory: 11662M
 Large Page Support: Disabled
 NUMA Support: Disabled
 Compressed Oops: Enabled (Zero based)
 Heap Region Size: 2M
 Heap Min Capacity: 8M
 Heap Initial Capacity: 184M
 Heap Max Capacity: 2916M
 Pre-touch: Disabled
 Parallel Workers: 4
 Concurrent Workers: 1
 Concurrent Refinement Workers: 4
 Periodic GC: Disabled
Heap:
 garbage-first heap   total 385024K, used 257907K [0x0000000749c00000, 0x0000000800000000)
  region size 2048K, 80 young (163840K), 10 survivors (20480K)
 Metaspace       used 5848K, committed 6080K, reserved 1064960K
  class space    used 339K, committed 448K, reserved 1048576K
GC Heap History (18 events):
Event: 0,637 GC heap before
{Heap before GC invocations=0 (full 0):
 garbage-first heap   total 192512K, used 14304K [0x0000000749c00000, 0x0000000800000000)
  region size 2048K, 6 young (12288K), 0 survivors (0K)
 Metaspace       used 4413K, committed 4672K, reserved 1056768K
  class space    used 264K, committed 384K, reserved 1048576K
}
Event: 0,639 GC heap after
{Heap after GC invocations=1 (full 0):
 garbage-first heap   total 192512K, used 3763K [0x0000000749c00000, 0x0000000800000000)
  region size 2048K, 1 young (2048K), 1 survivors (2048K)
 Metaspace       used 4413K, committed 4672K, reserved 1056768K
  class space    used 264K, committed 384K, reserved 1048576K
}
Event: 0,698 GC heap before
{Heap before GC invocations=1 (full 0):
 garbage-first heap   total 192512K, used 22195K [0x0000000749c00000, 0x0000000800000000)
  region size 2048K, 10 young (20480K), 1 survivors (2048K)
 Metaspace       used 4417K, committed 4672K, reserved 1056768K
  class space    used 264K, committed 384K, reserved 1048576K
}
Event: 0,703 GC heap after
{Heap after GC invocations=2 (full 0):
 garbage-first heap   total 192512K, used 5647K [0x0000000749c00000, 0x0000000800000000)
  region size 2048K, 2 young (4096K), 2 survivors (4096K)
 Metaspace       used 4417K, committed 4672K, reserved 1056768K
  class space    used 264K, committed 384K, reserved 1048576K
}
Event: 0,989 GC heap before
{Heap before GC invocations=2 (full 0):
 garbage-first heap   total 192512K, used 71183K [0x0000000749c00000, 0x0000000800000000)
  region size 2048K, 34 young (69632K), 2 survivors (4096K)
 Metaspace       used 4420K, committed 4672K, reserved 1056768K
  class space    used 264K, committed 384K, reserved 1048576K
}
Event: 1,007 GC heap after
{Heap after GC invocations=3 (full 0):
 garbage-first heap   total 192512K, used 27127K [0x0000000749c00000, 0x0000000800000000)
  region size 2048K, 5 young (10240K), 5 survivors (10240K)
 Metaspace       used 4420K, committed 4672K, reserved 1056768K
  class space    used 264K, committed 384K, reserved 1048576K
}
Event: 1,090 GC heap before
{Heap before GC invocations=3 (full 0):
 garbage-first heap   total 192512K, used 55799K [0x0000000749c00000, 0x0000000800000000)
  region size 2048K, 19 young (38912K), 5 survivors (10240K)
 Metaspace       used 4421K, committed 4672K, reserved 1056768K
  class space    used 264K, committed 384K, reserved 1048576K
}
Event: 1,103 GC heap after
{Heap after GC invocations=4 (full 0):
 garbage-first heap   total 192512K, used 42465K [0x0000000749c00000, 0x0000000800000000)
  region size 2048K, 3 young (6144K), 3 survivors (6144K)
 Metaspace       used 4421K, committed 4672K, reserved 1056768K
  class space    used 264K, committed 384K, reserved 1048576K
}
Event: 1,218 GC heap before
{Heap before GC invocations=4 (full 0):
 garbage-first heap   total 192512K, used 75233K [0x0000000749c00000, 0x0000000800000000)
  region size 2048K, 19 young (38912K), 3 survivors (6144K)
 Metaspace       used 4467K, committed 4672K, reserved 1056768K
  class space    used 267K, committed 384K, reserved 1048576K
}
Event: 1,230 GC heap after
{Heap after GC invocations=5 (full 0):
 garbage-first heap   total 192512K, used 60176K [0x0000000749c00000, 0x0000000800000000)
  region size 2048K, 3 young (6144K), 3 survivors (6144K)
 Metaspace       used 4467K, committed 4672K, reserved 1056768K
  class space    used 267K, committed 384K, reserved 1048576K
}
Event: 1,374 GC heap before
{Heap before GC invocations=5 (full 0):
 garbage-first heap   total 192512K, used 105232K [0x0000000749c00000, 0x0000000800000000)
  region size 2048K, 25 young (51200K), 3 survivors (6144K)
 Metaspace       used 4583K, committed 4736K, reserved 1056768K
  class space    used 282K, committed 384K, reserved 1048576K
}
Event: 1,384 GC heap after
{Heap after GC invocations=6 (full 0):
 garbage-first heap   total 385024K, used 69184K [0x0000000749c00000, 0x0000000800000000)
  region size 2048K, 4 young (8192K), 4 survivors (8192K)
 Metaspace       used 4583K, committed 4736K, reserved 1056768K
  class space    used 282K, committed 384K, reserved 1048576K
}
Event: 1,591 GC heap before
{Heap before GC invocations=6 (full 0):
 garbage-first heap   total 385024K, used 155200K [0x0000000749c00000, 0x0000000800000000)
  region size 2048K, 46 young (94208K), 4 survivors (8192K)
 Metaspace       used 4583K, committed 4736K, reserved 1056768K
  class space    used 282K, committed 384K, reserved 1048576K
}
Event: 1,605 GC heap after
{Heap after GC invocations=7 (full 0):
 garbage-first heap   total 385024K, used 80382K [0x0000000749c00000, 0x0000000800000000)
  region size 2048K, 6 young (12288K), 6 survivors (12288K)
 Metaspace       used 4583K, committed 4736K, reserved 1056768K
  class space    used 282K, committed 384K, reserved 1048576K
}
Event: 1,880 GC heap before
{Heap before GC invocations=7 (full 0):
 garbage-first heap   total 385024K, used 197118K [0x0000000749c00000, 0x0000000800000000)
  region size 2048K, 63 young (129024K), 6 survivors (12288K)
 Metaspace       used 4584K, committed 4736K, reserved 1056768K
  class space    used 282K, committed 384K, reserved 1048576K
}
Event: 1,902 GC heap after
{Heap after GC invocations=8 (full 0):
 garbage-first heap   total 385024K, used 96459K [0x0000000749c00000, 0x0000000800000000)
  region size 2048K, 8 young (16384K), 8 survivors (16384K)
 Metaspace       used 4584K, committed 4736K, reserved 1056768K
  class space    used 282K, committed 384K, reserved 1048576K
}
Event: 2,234 GC heap before
{Heap before GC invocations=8 (full 0):
 garbage-first heap   total 385024K, used 252107K [0x0000000749c00000, 0x0000000800000000)
  region size 2048K, 84 young (172032K), 8 survivors (16384K)
 Metaspace       used 4589K, committed 4800K, reserved 1056768K
  class space    used 282K, committed 384K, reserved 1048576K
}
Event: 2,271 GC heap after
{Heap after GC invocations=9 (full 0):
 garbage-first heap   total 385024K, used 116595K [0x0000000749c00000, 0x0000000800000000)
  region size 2048K, 10 young (20480K), 10 survivors (20480K)
 Metaspace       used 4589K, committed 4800K, reserved 1056768K
  class space    used 282K, committed 384K, reserved 1048576K
}

