# JRE version: OpenJDK Runtime Environment Temurin-17.0.2+8 (17.0.2+8) (build 17.0.2+8)
# Java VM: OpenJDK 64-Bit Server VM Temurin-17.0.2+8 (17.0.2+8, mixed mode, sharing, tiered, compressed oops, compressed class ptrs, g1 gc, linux-amd64)
GC Precious Log:
 CPUs: 4 total, 4 available
 Memory: 11662M
 Large Page Support: Disabled
 NUMA Support: Disabled
 Compressed Oops: Enabled (Zero based)
 Heap Region Size: 2M
 Heap Min Capacity: 8M
 Heap Initial Capacity: 184M
 Heap Max Capacity: 2916M
 Pre-touch: Disabled
 Parallel Workers: 4
 Concurrent Workers: 1
 Concurrent Refinement Workers: 4
 Periodic GC: Disabled
Heap:
 garbage-first heap   total 385024K, used 248256K [0x0000000749c00000, 0x0000000800000000)
  region size 2048K, 75 young (153600K), 10 survivors (20480K)
 Metaspace       used 5848K, committed 6080K, reserved 1064960K
  class space    used 339K, committed 448K, reserved 1048576K
GC Heap History (18 events):
Event: 0,697 GC heap before
{Heap before GC invocations=0 (full 0):
 garbage-first heap   total 192512K, used 14304K [0x0000000749c00000, 0x0000000800000000)
  region size 2048K, 6 young (12288K), 0 survivors (0K)
 Metaspace       used 4414K, committed 4672K, reserved 1056768K
  class space    used 264K, committed 384K, reserved 1048576K
}
Event: 0,700 GC heap after
{Heap after GC invocations=1 (full 0):
 garbage-first heap   total 192512K, used 3771K [0x0000000749c00000, 0x0000000800000000)
  region size 2048K, 1 young (2048K), 1 survivors (2048K)
 Metaspace       used 4414K, committed 4672K, reserved 1056768K
  class space    used 264K, committed 384K, reserved 1048576K
}
Event: 0,754 GC heap before
{Heap before GC invocations=1 (full 0):
 garbage-first heap   total 192512K, used 22203K [0x0000000749c00000, 0x0000000800000000)
  region size 2048K, 10 young (20480K), 1 survivors (2048K)
 Metaspace       used 4418K, committed 4672K, reserved 1056768K
  class space    used 264K, committed 384K, reserved 1048576K
}
Event: 0,767 GC heap after
{Heap after GC invocations=2 (full 0):
 garbage-first heap   total 192512K, used 5806K [0x0000000749c00000, 0x0000000800000000)
  region size 2048K, 2 young (4096K), 2 survivors (4096K)
 Metaspace       used 4418K, committed 4672K, reserved 1056768K
  class space    used 264K, committed 384K, reserved 1048576K
}
Event: 1,090 GC heap before
{Heap before GC invocations=2 (full 0):
 garbage-first heap   total 192512K, used 69294K [0x0000000749c00000, 0x0000000800000000)
  region size 2048K, 33 young (67584K), 2 survivors (4096K)
 Metaspace       used 4421K, committed 4672K, reserved 1056768K
  class space    used 264K, committed 384K, reserved 1048576K
}
Event: 1,112 GC heap after
{Heap after GC invocations=3 (full 0):
 garbage-first heap   total 192512K, used 26482K [0x0000000749c00000, 0x0000000800000000)
  region size 2048K, 5 young (10240K), 5 survivors (10240K)
 Metaspace       used 4421K, committed 4672K, reserved 1056768K
  class space    used 264K, committed 384K, reserved 1048576K
}
Event: 1,233 GC heap before
{Heap before GC invocations=3 (full 0):
 garbage-first heap   total 192512K, used 55154K [0x0000000749c00000, 0x0000000800000000)
  region size 2048K, 19 young (38912K), 5 survivors (10240K)
 Metaspace       used 4422K, committed 4672K, reserved 1056768K
  class space    used 264K, committed 384K, reserved 1048576K
}
Event: 1,247 GC heap after
{Heap after GC invocations=4 (full 0):
 garbage-first heap   total 192512K, used 41418K [0x0000000749c00000, 0x0000000800000000)
  region size 2048K, 3 young (6144K), 3 survivors (6144K)
 Metaspace       used 4422K, committed 4672K, reserved 1056768K
  class space    used 264K, committed 384K, reserved 1048576K
}
Event: 1,353 GC heap before
{Heap before GC invocations=4 (full 0):
 garbage-first heap   total 192512K, used 74186K [0x0000000749c00000, 0x0000000800000000)
  region size 2048K, 19 young (38912K), 3 survivors (6144K)
 Metaspace       used 4460K, committed 4672K, reserved 1056768K
  class space    used 266K, committed 384K, reserved 1048576K
}
Event: 1,364 GC heap after
{Heap after GC invocations=5 (full 0):
 garbage-first heap   total 192512K, used 59360K [0x0000000749c00000, 0x0000000800000000)
  region size 2048K, 3 young (6144K), 3 survivors (6144K)
 Metaspace       used 4460K, committed 4672K, reserved 1056768K
  class space    used 266K, committed 384K, reserved 1048576K
}
Event: 1,613 GC heap before
{Heap before GC invocations=5 (full 0):
 garbage-first heap   total 192512K, used 104416K [0x0000000749c00000, 0x0000000800000000)
  region size 2048K, 25 young (51200K), 3 survivors (6144K)
 Metaspace       used 4584K, committed 4736K, reserved 1056768K
  class space    used 282K, committed 384K, reserved 1048576K
}
Event: 1,624 GC heap after
{Heap after GC invocations=6 (full 0):
 garbage-first heap   total 385024K, used 67574K [0x0000000749c00000, 0x0000000800000000)
  region size 2048K, 4 young (8192K), 4 survivors (8192K)
 Metaspace       used 4584K, committed 4736K, reserved 1056768K
  class space    used 282K, committed 384K, reserved 1048576K
}
Event: 1,851 GC heap before
{Heap before GC invocations=6 (full 0):
 garbage-first heap   total 385024K, used 153590K [0x0000000749c00000, 0x0000000800000000)
  region size 2048K, 46 young (94208K), 4 survivors (8192K)
 Metaspace       used 4584K, committed 4736K, reserved 1056768K
  class space    used 282K, committed 384K, reserved 1048576K
}
Event: 1,865 GC heap after
{Heap after GC invocations=7 (full 0):
 garbage-first heap   total 385024K, used 79051K [0x0000000749c00000, 0x0000000800000000)
  region size 2048K, 6 young (12288K), 6 survivors (12288K)
 Metaspace       used 4584K, committed 4736K, reserved 1056768K
  class space    used 282K, committed 384K, reserved 1048576K
}
Event: 2,132 GC heap before
{Heap before GC invocations=7 (full 0):
 garbage-first heap   total 385024K, used 212171K [0x0000000749c00000, 0x0000000800000000)
  region size 2048K, 71 young (145408K), 6 survivors (12288K)
 Metaspace       used 4585K, committed 4736K, reserved 1056768K
  class space    used 282K, committed 384K, reserved 1048576K
}
Event: 2,155 GC heap after
{Heap after GC invocations=8 (full 0):
 garbage-first heap   total 385024K, used 96963K [0x0000000749c00000, 0x0000000800000000)
  region size 2048K, 9 young (18432K), 9 survivors (18432K)
 Metaspace       used 4585K, committed 4736K, reserved 1056768K
  class space    used 282K, committed 384K, reserved 1048576K
}
Event: 2,449 GC heap before
{Heap before GC invocations=8 (full 0):
 garbage-first heap   total 385024K, used 252611K [0x0000000749c00000, 0x0000000800000000)
  region size 2048K, 85 young (174080K), 9 survivors (18432K)
 Metaspace       used 4590K, committed 4800K, reserved 1056768K
  class space    used 282K, committed 384K, reserved 1048576K
}
Event: 2,479 GC heap after
{Heap after GC invocations=9 (full 0):
 garbage-first heap   total 385024K, used 117184K [0x0000000749c00000, 0x0000000800000000)
  region size 2048K, 10 young (20480K), 10 survivors (20480K)
 Metaspace       used 4590K, committed 4800K, reserved 1056768K
  class space    used 282K, committed 384K, reserved 1048576K
}

